Determining if the pthread_create exist failed with the following output:
Change Dir: /media/vmuser/Jamin's SSD/Uni/PMS/in_class/week07/threading_starter/build/CMakeFiles/CMakeTmp

Run Build Command:/usr/bin/make "cmTryCompileExec4279490862/fast"
/usr/bin/make -f CMakeFiles/cmTryCompileExec4279490862.dir/build.make CMakeFiles/cmTryCompileExec4279490862.dir/build
make[1]: Entering directory `/media/vmuser/Jamin's SSD/Uni/PMS/in_class/week07/threading_starter/build/CMakeFiles/CMakeTmp'
/usr/bin/cmake -E cmake_progress_report "/media/vmuser/Jamin's SSD/Uni/PMS/in_class/week07/threading_starter/build/CMakeFiles/CMakeTmp/CMakeFiles" 1
Building C object CMakeFiles/cmTryCompileExec4279490862.dir/CheckSymbolExists.c.o
/usr/bin/cc    -o CMakeFiles/cmTryCompileExec4279490862.dir/CheckSymbolExists.c.o   -c "/media/vmuser/Jamin's SSD/Uni/PMS/in_class/week07/threading_starter/build/CMakeFiles/CMakeTmp/CheckSymbolExists.c"
Linking C executable cmTryCompileExec4279490862
/usr/bin/cmake -E cmake_link_script CMakeFiles/cmTryCompileExec4279490862.dir/link.txt --verbose=1
/usr/bin/cc       CMakeFiles/cmTryCompileExec4279490862.dir/CheckSymbolExists.c.o  -o cmTryCompileExec4279490862 -rdynamic 
CMakeFiles/cmTryCompileExec4279490862.dir/CheckSymbolExists.c.o: In function `main':
CheckSymbolExists.c:(.text+0x16): undefined reference to `pthread_create'
collect2: error: ld returned 1 exit status
make[1]: *** [cmTryCompileExec4279490862] Error 1
make[1]: Leaving directory `/media/vmuser/Jamin's SSD/Uni/PMS/in_class/week07/threading_starter/build/CMakeFiles/CMakeTmp'
make: *** [cmTryCompileExec4279490862/fast] Error 2

File /media/vmuser/Jamin's SSD/Uni/PMS/in_class/week07/threading_starter/build/CMakeFiles/CMakeTmp/CheckSymbolExists.c:
/* */
#include <pthread.h>

int main(int argc, char** argv)
{
  (void)argv;
#ifndef pthread_create
  return ((int*)(&pthread_create))[argc];
#else
  (void)argc;
  return 0;
#endif
}

Determining if the function pthread_create exists in the pthreads failed with the following output:
Change Dir: /media/vmuser/Jamin's SSD/Uni/PMS/in_class/week07/threading_starter/build/CMakeFiles/CMakeTmp

Run Build Command:/usr/bin/make "cmTryCompileExec2945955595/fast"
/usr/bin/make -f CMakeFiles/cmTryCompileExec2945955595.dir/build.make CMakeFiles/cmTryCompileExec2945955595.dir/build
make[1]: Entering directory `/media/vmuser/Jamin's SSD/Uni/PMS/in_class/week07/threading_starter/build/CMakeFiles/CMakeTmp'
/usr/bin/cmake -E cmake_progress_report "/media/vmuser/Jamin's SSD/Uni/PMS/in_class/week07/threading_starter/build/CMakeFiles/CMakeTmp/CMakeFiles" 1
Building C object CMakeFiles/cmTryCompileExec2945955595.dir/CheckFunctionExists.c.o
/usr/bin/cc   -DCHECK_FUNCTION_EXISTS=pthread_create   -o CMakeFiles/cmTryCompileExec2945955595.dir/CheckFunctionExists.c.o   -c /usr/share/cmake-2.8/Modules/CheckFunctionExists.c
Linking C executable cmTryCompileExec2945955595
/usr/bin/cmake -E cmake_link_script CMakeFiles/cmTryCompileExec2945955595.dir/link.txt --verbose=1
/usr/bin/cc   -DCHECK_FUNCTION_EXISTS=pthread_create    CMakeFiles/cmTryCompileExec2945955595.dir/CheckFunctionExists.c.o  -o cmTryCompileExec2945955595 -rdynamic -lpthreads 
/usr/bin/ld: cannot find -lpthreads
collect2: error: ld returned 1 exit status
make[1]: *** [cmTryCompileExec2945955595] Error 1
make[1]: Leaving directory `/media/vmuser/Jamin's SSD/Uni/PMS/in_class/week07/threading_starter/build/CMakeFiles/CMakeTmp'
make: *** [cmTryCompileExec2945955595/fast] Error 2


